# JRE version: Java(TM) SE Runtime Environment (8.0_92-b14) (build 1.8.0_92-b14)
# Java VM: Java HotSpot(TM) Client VM (25.92-b14 mixed mode windows-x86 )
Heap:
 def new generation   total 39488K, used 39099K [0x04e00000, 0x078d0000, 0x0f8a0000)
  eden space 35136K,  99% used [0x04e00000, 0x0702d620, 0x07050000)
  from space 4352K,  94% used [0x07490000, 0x07891758, 0x078d0000)
  to   space 4352K,   0% used [0x07050000, 0x07050000, 0x07490000)
 tenured generation   total 87424K, used 69177K [0x0f8a0000, 0x14e00000, 0x24e00000)
   the space 87424K,  79% used [0x0f8a0000, 0x13c2e418, 0x13c2e600, 0x14e00000)
 Metaspace       used 19598K, capacity 20236K, committed 20736K, reserved 20864K
GC Heap History (10 events):
Event: 516.498 GC heap before
{Heap before GC invocations=40 (full 2):
 def new generation   total 39488K, used 35142K [0x04e00000, 0x078d0000, 0x0f8a0000)
  eden space 35136K, 100% used [0x04e00000, 0x07050000, 0x07050000)
  from space 4352K,   0% used [0x07050000, 0x07051a68, 0x07490000)
  to   space 4352K,   0% used [0x07490000, 0x07490000, 0x078d0000)
 tenured generation   total 87424K, used 64204K [0x0f8a0000, 0x14e00000, 0x24e00000)
   the space 87424K,  73% used [0x0f8a0000, 0x13753378, 0x13753400, 0x14e00000)
 Metaspace       used 19584K, capacity 20202K, committed 20608K, reserved 20864K
Event: 516.499 GC heap after
Heap after GC invocations=41 (full 2):
 def new generation   total 39488K, used 6K [0x04e00000, 0x078d0000, 0x0f8a0000)
  eden space 35136K,   0% used [0x04e00000, 0x04e00000, 0x07050000)
  from space 4352K,   0% used [0x07490000, 0x07491bf0, 0x078d0000)
  to   space 4352K,   0% used [0x07050000, 0x07050000, 0x07490000)
 tenured generation   total 87424K, used 64204K [0x0f8a0000, 0x14e00000, 0x24e00000)
   the space 87424K,  73% used [0x0f8a0000, 0x13753378, 0x13753400, 0x14e00000)
 Metaspace       used 19584K, capacity 20202K, committed 20608K, reserved 20864K
}
Event: 518.800 GC heap before
{Heap before GC invocations=41 (full 2):
 def new generation   total 39488K, used 35142K [0x04e00000, 0x078d0000, 0x0f8a0000)
  eden space 35136K, 100% used [0x04e00000, 0x07050000, 0x07050000)
  from space 4352K,   0% used [0x07490000, 0x07491bf0, 0x078d0000)
  to   space 4352K,   0% used [0x07050000, 0x07050000, 0x07490000)
 tenured generation   total 87424K, used 64204K [0x0f8a0000, 0x14e00000, 0x24e00000)
   the space 87424K,  73% used [0x0f8a0000, 0x13753378, 0x13753400, 0x14e00000)
 Metaspace       used 19584K, capacity 20202K, committed 20608K, reserved 20864K
Event: 518.801 GC heap after
Heap after GC invocations=42 (full 2):
 def new generation   total 39488K, used 7K [0x04e00000, 0x078d0000, 0x0f8a0000)
  eden space 35136K,   0% used [0x04e00000, 0x04e00000, 0x07050000)
  from space 4352K,   0% used [0x07050000, 0x07051c40, 0x07490000)
  to   space 4352K,   0% used [0x07490000, 0x07490000, 0x078d0000)
 tenured generation   total 87424K, used 64204K [0x0f8a0000, 0x14e00000, 0x24e00000)
   the space 87424K,  73% used [0x0f8a0000, 0x13753378, 0x13753400, 0x14e00000)
 Metaspace       used 19584K, capacity 20202K, committed 20608K, reserved 20864K
}
Event: 598.397 GC heap before
{Heap before GC invocations=42 (full 2):
 def new generation   total 39488K, used 35143K [0x04e00000, 0x078d0000, 0x0f8a0000)
  eden space 35136K, 100% used [0x04e00000, 0x07050000, 0x07050000)
  from space 4352K,   0% used [0x07050000, 0x07051c40, 0x07490000)
  to   space 4352K,   0% used [0x07490000, 0x07490000, 0x078d0000)
 tenured generation   total 87424K, used 64204K [0x0f8a0000, 0x14e00000, 0x24e00000)
   the space 87424K,  73% used [0x0f8a0000, 0x13753378, 0x13753400, 0x14e00000)
 Metaspace       used 19596K, capacity 20234K, committed 20736K, reserved 20864K
Event: 598.400 GC heap after
Heap after GC invocations=43 (full 2):
 def new generation   total 39488K, used 1063K [0x04e00000, 0x078d0000, 0x0f8a0000)
  eden space 35136K,   0% used [0x04e00000, 0x04e00000, 0x07050000)
  from space 4352K,  24% used [0x07490000, 0x07599cd8, 0x078d0000)
  to   space 4352K,   0% used [0x07050000, 0x07050000, 0x07490000)
 tenured generation   total 87424K, used 64204K [0x0f8a0000, 0x14e00000, 0x24e00000)
   the space 87424K,  73% used [0x0f8a0000, 0x13753378, 0x13753400, 0x14e00000)
 Metaspace       used 19596K, capacity 20234K, committed 20736K, reserved 20864K
}
Event: 628.524 GC heap before
{Heap before GC invocations=43 (full 2):
 def new generation   total 39488K, used 36166K [0x04e00000, 0x078d0000, 0x0f8a0000)
  eden space 35136K,  99% used [0x04e00000, 0x07047d38, 0x07050000)
  from space 4352K,  24% used [0x07490000, 0x07599cd8, 0x078d0000)
  to   space 4352K,   0% used [0x07050000, 0x07050000, 0x07490000)
 tenured generation   total 87424K, used 64204K [0x0f8a0000, 0x14e00000, 0x24e00000)
   the space 87424K,  73% used [0x0f8a0000, 0x13753378, 0x13753400, 0x14e00000)
 Metaspace       used 19597K, capacity 20234K, committed 20736K, reserved 20864K
Event: 628.530 GC heap after
Heap after GC invocations=44 (full 2):
 def new generation   total 39488K, used 4352K [0x04e00000, 0x078d0000, 0x0f8a0000)
  eden space 35136K,   0% used [0x04e00000, 0x04e00000, 0x07050000)
  from space 4352K, 100% used [0x07050000, 0x07490000, 0x07490000)
  to   space 4352K,   0% used [0x07490000, 0x07490000, 0x078d0000)
 tenured generation   total 87424K, used 64906K [0x0f8a0000, 0x14e00000, 0x24e00000)
   the space 87424K,  74% used [0x0f8a0000, 0x13802898, 0x13802a00, 0x14e00000)
 Metaspace       used 19597K, capacity 20234K, committed 20736K, reserved 20864K
}
Event: 675.645 GC heap before
{Heap before GC invocations=44 (full 2):
 def new generation   total 39488K, used 39488K [0x04e00000, 0x078d0000, 0x0f8a0000)
  eden space 35136K, 100% used [0x04e00000, 0x07050000, 0x07050000)
  from space 4352K, 100% used [0x07050000, 0x07490000, 0x07490000)
  to   space 4352K,   0% used [0x07490000, 0x07490000, 0x078d0000)
 tenured generation   total 87424K, used 64906K [0x0f8a0000, 0x14e00000, 0x24e00000)
   the space 87424K,  74% used [0x0f8a0000, 0x13802898, 0x13802a00, 0x14e00000)
 Metaspace       used 19598K, capacity 20236K, committed 20736K, reserved 20864K
Event: 675.653 GC heap after
Heap after GC invocations=45 (full 2):
 def new generation   total 39488K, used 4101K [0x04e00000, 0x078d0000, 0x0f8a0000)
  eden space 35136K,   0% used [0x04e00000, 0x04e00000, 0x07050000)
  from space 4352K,  94% used [0x07490000, 0x07891758, 0x078d0000)
  to   space 4352K,   0% used [0x07050000, 0x07050000, 0x07490000)
 tenured generation   total 87424K, used 69177K [0x0f8a0000, 0x14e00000, 0x24e00000)
   the space 87424K,  79% used [0x0f8a0000, 0x13c2e418, 0x13c2e600, 0x14e00000)
 Metaspace       used 19598K, capacity 20236K, committed 20736K, reserved 20864K
}

