# JRE version: Java(TM) SE Runtime Environment (8.0_92-b14) (build 1.8.0_92-b14)
# Java VM: Java HotSpot(TM) Client VM (25.92-b14 mixed mode windows-x86 )
Heap:
 def new generation   total 39424K, used 14828K [0x04e00000, 0x078c0000, 0x0f8a0000)
  eden space 35072K,  37% used [0x04e00000, 0x05ab5fa8, 0x07040000)
  from space 4352K,  41% used [0x07480000, 0x07645098, 0x078c0000)
  to   space 4352K,   0% used [0x07040000, 0x07040000, 0x07480000)
 tenured generation   total 87424K, used 56181K [0x0f8a0000, 0x14e00000, 0x24e00000)
   the space 87424K,  64% used [0x0f8a0000, 0x12f7d410, 0x12f7d600, 0x14e00000)
 Metaspace       used 19937K, capacity 20442K, committed 20480K, reserved 20864K
GC Heap History (10 events):
Event: 266.507 GC heap before
{Heap before GC invocations=9 (full 1):
 def new generation   total 39424K, used 38964K [0x04e00000, 0x078c0000, 0x0f8a0000)
  eden space 35072K, 100% used [0x04e00000, 0x07040000, 0x07040000)
  from space 4352K,  89% used [0x07040000, 0x0740d1f8, 0x07480000)
  to   space 4352K,   0% used [0x07480000, 0x07480000, 0x078c0000)
 tenured generation   total 87424K, used 42337K [0x0f8a0000, 0x14e00000, 0x24e00000)
   the space 87424K,  48% used [0x0f8a0000, 0x121f86b0, 0x121f8800, 0x14e00000)
 Metaspace       used 19934K, capacity 20442K, committed 20480K, reserved 20864K
Event: 266.540 GC heap after
Heap after GC invocations=10 (full 1):
 def new generation   total 39424K, used 3752K [0x04e00000, 0x078c0000, 0x0f8a0000)
  eden space 35072K,   0% used [0x04e00000, 0x04e00000, 0x07040000)
  from space 4352K,  86% used [0x07480000, 0x0782a2e8, 0x078c0000)
  to   space 4352K,   0% used [0x07040000, 0x07040000, 0x07480000)
 tenured generation   total 87424K, used 45208K [0x0f8a0000, 0x14e00000, 0x24e00000)
   the space 87424K,  51% used [0x0f8a0000, 0x124c6100, 0x124c6200, 0x14e00000)
 Metaspace       used 19934K, capacity 20442K, committed 20480K, reserved 20864K
}
Event: 339.453 GC heap before
{Heap before GC invocations=10 (full 1):
 def new generation   total 39424K, used 38824K [0x04e00000, 0x078c0000, 0x0f8a0000)
  eden space 35072K, 100% used [0x04e00000, 0x07040000, 0x07040000)
  from space 4352K,  86% used [0x07480000, 0x0782a2f8, 0x078c0000)
  to   space 4352K,   0% used [0x07040000, 0x07040000, 0x07480000)
 tenured generation   total 87424K, used 45208K [0x0f8a0000, 0x14e00000, 0x24e00000)
   the space 87424K,  51% used [0x0f8a0000, 0x124c6100, 0x124c6200, 0x14e00000)
 Metaspace       used 19934K, capacity 20442K, committed 20480K, reserved 20864K
Event: 339.483 GC heap after
Heap after GC invocations=11 (full 1):
 def new generation   total 39424K, used 1797K [0x04e00000, 0x078c0000, 0x0f8a0000)
  eden space 35072K,   0% used [0x04e00000, 0x04e00000, 0x07040000)
  from space 4352K,  41% used [0x07040000, 0x07201530, 0x07480000)
  to   space 4352K,   0% used [0x07480000, 0x07480000, 0x078c0000)
 tenured generation   total 87424K, used 48959K [0x0f8a0000, 0x14e00000, 0x24e00000)
   the space 87424K,  56% used [0x0f8a0000, 0x1286fd40, 0x1286fe00, 0x14e00000)
 Metaspace       used 19934K, capacity 20442K, committed 20480K, reserved 20864K
}
Event: 339.483 GC heap before
{Heap before GC invocations=11 (full 1):
 def new generation   total 39424K, used 1866K [0x04e00000, 0x078c0000, 0x0f8a0000)
  eden space 35072K,   0% used [0x04e00000, 0x04e113e8, 0x07040000)
  from space 4352K,  41% used [0x07040000, 0x07201530, 0x07480000)
  to   space 4352K,   0% used [0x07480000, 0x07480000, 0x078c0000)
 tenured generation   total 87424K, used 48959K [0x0f8a0000, 0x14e00000, 0x24e00000)
   the space 87424K,  56% used [0x0f8a0000, 0x1286fd40, 0x1286fe00, 0x14e00000)
 Metaspace       used 19934K, capacity 20442K, committed 20480K, reserved 20864K
Event: 339.496 GC heap after
Heap after GC invocations=12 (full 1):
 def new generation   total 39424K, used 1797K [0x04e00000, 0x078c0000, 0x0f8a0000)
  eden space 35072K,   0% used [0x04e00000, 0x04e00000, 0x07040000)
  from space 4352K,  41% used [0x07480000, 0x07641598, 0x078c0000)
  to   space 4352K,   0% used [0x07040000, 0x07040000, 0x07480000)
 tenured generation   total 87424K, used 48959K [0x0f8a0000, 0x14e00000, 0x24e00000)
   the space 87424K,  56% used [0x0f8a0000, 0x1286fd40, 0x1286fe00, 0x14e00000)
 Metaspace       used 19934K, capacity 20442K, committed 20480K, reserved 20864K
}
Event: 404.809 GC heap before
{Heap before GC invocations=12 (full 1):
 def new generation   total 39424K, used 36869K [0x04e00000, 0x078c0000, 0x0f8a0000)
  eden space 35072K, 100% used [0x04e00000, 0x07040000, 0x07040000)
  from space 4352K,  41% used [0x07480000, 0x07641598, 0x078c0000)
  to   space 4352K,   0% used [0x07040000, 0x07040000, 0x07480000)
 tenured generation   total 87424K, used 48959K [0x0f8a0000, 0x14e00000, 0x24e00000)
   the space 87424K,  56% used [0x0f8a0000, 0x1286fd40, 0x1286fe00, 0x14e00000)
 Metaspace       used 19934K, capacity 20442K, committed 20480K, reserved 20864K
Event: 404.836 GC heap after
Heap after GC invocations=13 (full 1):
 def new generation   total 39424K, used 4352K [0x04e00000, 0x078c0000, 0x0f8a0000)
  eden space 35072K,   0% used [0x04e00000, 0x04e00000, 0x07040000)
  from space 4352K, 100% used [0x07040000, 0x07480000, 0x07480000)
  to   space 4352K,   0% used [0x07480000, 0x07480000, 0x078c0000)
 tenured generation   total 87424K, used 51829K [0x0f8a0000, 0x14e00000, 0x24e00000)
   the space 87424K,  59% used [0x0f8a0000, 0x12b3d638, 0x12b3d800, 0x14e00000)
 Metaspace       used 19934K, capacity 20442K, committed 20480K, reserved 20864K
}
Event: 478.405 GC heap before
{Heap before GC invocations=13 (full 1):
 def new generation   total 39424K, used 39424K [0x04e00000, 0x078c0000, 0x0f8a0000)
  eden space 35072K, 100% used [0x04e00000, 0x07040000, 0x07040000)
  from space 4352K, 100% used [0x07040000, 0x07480000, 0x07480000)
  to   space 4352K,   0% used [0x07480000, 0x07480000, 0x078c0000)
 tenured generation   total 87424K, used 51829K [0x0f8a0000, 0x14e00000, 0x24e00000)
   the space 87424K,  59% used [0x0f8a0000, 0x12b3d638, 0x12b3d800, 0x14e00000)
 Metaspace       used 19934K, capacity 20442K, committed 20480K, reserved 20864K
Event: 478.440 GC heap after
Heap after GC invocations=14 (full 1):
 def new generation   total 39424K, used 1812K [0x04e00000, 0x078c0000, 0x0f8a0000)
  eden space 35072K,   0% used [0x04e00000, 0x04e00000, 0x07040000)
  from space 4352K,  41% used [0x07480000, 0x07645098, 0x078c0000)
  to   space 4352K,   0% used [0x07040000, 0x07040000, 0x07480000)
 tenured generation   total 87424K, used 56181K [0x0f8a0000, 0x14e00000, 0x24e00000)
   the space 87424K,  64% used [0x0f8a0000, 0x12f7d410, 0x12f7d600, 0x14e00000)
 Metaspace       used 19934K, capacity 20442K, committed 20480K, reserved 20864K
}

